2024-05-03 23:57:42 - INFO - Port 5432 is open.
2024-05-03 23:57:42 - INFO - 2. TLS server-initiated : Connecting to localhost:5432 using TLS
2024-05-03 23:57:42 - ERROR - SSL error during connection to localhost:5432: EOF occurred in violation of protocol (_ssl.c:1129)
Traceback (most recent call last):
  File "/Users/ankithreddy/Documents/Network Security/hw4/hw4.py", line 64, in send_probe
    sock.do_handshake()
  File "/Library/Developer/CommandLineTools/Library/Frameworks/Python3.framework/Versions/3.9/lib/python3.9/ssl.py", line 1309, in do_handshake
    self._sslobj.do_handshake()
ssl.SSLEOFError: EOF occurred in violation of protocol (_ssl.c:1129)
2024-05-03 23:57:42 - INFO - 4. TLS client-initiated : Connecting to localhost:5432 using TLS
2024-05-03 23:57:42 - ERROR - SSL error during connection to localhost:5432: EOF occurred in violation of protocol (_ssl.c:1129)
Traceback (most recent call last):
  File "/Users/ankithreddy/Documents/Network Security/hw4/hw4.py", line 64, in send_probe
    sock.do_handshake()
  File "/Library/Developer/CommandLineTools/Library/Frameworks/Python3.framework/Versions/3.9/lib/python3.9/ssl.py", line 1309, in do_handshake
    self._sslobj.do_handshake()
ssl.SSLEOFError: EOF occurred in violation of protocol (_ssl.c:1129)
2024-05-03 23:57:42 - INFO - 6. Generic TLS server : Connecting to localhost:5432 using TLS
2024-05-03 23:57:42 - ERROR - SSL error during connection to localhost:5432: EOF occurred in violation of protocol (_ssl.c:1129)
Traceback (most recent call last):
  File "/Users/ankithreddy/Documents/Network Security/hw4/hw4.py", line 64, in send_probe
    sock.do_handshake()
  File "/Library/Developer/CommandLineTools/Library/Frameworks/Python3.framework/Versions/3.9/lib/python3.9/ssl.py", line 1309, in do_handshake
    self._sslobj.do_handshake()
ssl.SSLEOFError: EOF occurred in violation of protocol (_ssl.c:1129)
2024-05-03 23:57:42 - INFO - 1. TCP server-initiated : Connecting to localhost:5432 using TCP
2024-05-03 23:57:45 - INFO - 3. TCP client-initiated : Connecting to localhost:5432 using TCP
2024-05-03 23:57:45 - INFO - 5. Generic TCP server : Connecting to localhost:5432 using TCP
